Added Component: Designator=U1(DDC0006A)
Add component (AddParameter): Name = "Address1"; Value = "Not shown in title block"; VariantName = "[No Variations]"
Add component (AddParameter): Name = "Address2"; Value = "Not shown in title block"; VariantName = "[No Variations]"
Add component (AddParameter): Name = "Address3"; Value = "Not shown in title block"; VariantName = "[No Variations]"
Add component (AddParameter): Name = "Address4"; Value = "Not shown in title block"; VariantName = "[No Variations]"
Add component (AddParameter): Name = "Alternate_Manufacturer"; Value = "None"; VariantName = "[No Variations]"
Add component (AddParameter): Name = "ApprovedBy"; Value = "Not shown in title block"; VariantName = "[No Variations]"
Add component (AddParameter): Name = "Author"; Value = "Not shown in title block"; VariantName = "[No Variations]"
Add component (AddParameter): Name = "CheckedBy"; Value = "Not shown in title block"; VariantName = "[No Variations]"
Add component (AddParameter): Name = "CompanyName"; Value = "Not shown in title block"; VariantName = "[No Variations]"
Add component (AddParameter): Name = "ComponentLink1Description"; Value = "Datasheet Link"; VariantName = "[No Variations]"
Add component (AddParameter): Name = "ComponentLink1URL"; Value = "https://sps06.itg.ti.com/sites/KMS/crossdivteams/altium/docs/ComponentDatasheets/TPS562200_DS_v08_13_0909.docx"; VariantName = "[No Variations]"
Add component (AddParameter): Name = "CompType"; Value = "IC"; VariantName = "[No Variations]"
Add component (AddParameter): Name = "Copyright"; Value = "Copyright (C) 2023 Ultra Librarian. All rights reserved."; VariantName = "[No Variations]"
Add component (AddParameter): Name = "CurrentDate"; Value = "Not shown in title block"; VariantName = "[No Variations]"
Add component (AddParameter): Name = "CurrentTime"; Value = "Not shown in title block"; VariantName = "[No Variations]"
Add component (AddParameter): Name = "Date"; Value = "Not shown in title block"; VariantName = "[No Variations]"
Add component (AddParameter): Name = "DocumentFullPathAndName"; Value = "Not shown in title block"; VariantName = "[No Variations]"
Add component (AddParameter): Name = "DocumentName"; Value = "Not shown in title block"; VariantName = "[No Variations]"
Add component (AddParameter): Name = "DocumentNumber"; Value = "1"; VariantName = "[No Variations]"
Add component (AddParameter): Name = "Engineer"; Value = "Not shown in title block"; VariantName = "[No Variations]"
Add component (AddParameter): Name = "ImagePath"; Value = "Not shown in title block"; VariantName = "[No Variations]"
Add component (AddParameter): Name = "LatestRevisionDate"; Value = "2014-02-20"; VariantName = "[No Variations]"
Add component (AddParameter): Name = "Manufacturer"; Value = "Texas Instruments"; VariantName = "[No Variations]"
Add component (AddParameter): Name = "Manufacturer_Part_Number"; Value = "TPS562200DDCR"; VariantName = "[No Variations]"
Add component (AddParameter): Name = "Mfr_Name"; Value = "Texas Instruments"; VariantName = "[No Variations]"
Add component (AddParameter): Name = "ModifiedDate"; Value = "Not shown in title block"; VariantName = "[No Variations]"
Add component (AddParameter): Name = "MountType"; Value = "SMT"; VariantName = "[No Variations]"
Add component (AddParameter): Name = "Organization"; Value = "Not shown in title block"; VariantName = "[No Variations]"
Add component (AddParameter): Name = "PackageReference"; Value = "DDC0006A"; VariantName = "[No Variations]"
Add component (AddParameter): Name = "PartNumber"; Value = "TPS562200DDC"; VariantName = "[No Variations]"
Add component (AddParameter): Name = "ProjectName"; Value = ""; VariantName = "[No Variations]"
Add component (AddParameter): Name = "Publisher"; Value = "Texas Instruments"; VariantName = "[No Variations]"
Add component (AddParameter): Name = "RefDes"; Value = "RefDes"; VariantName = "[No Variations]"
Add component (AddParameter): Name = "Revision"; Value = "Use project parameter SCH_Rev"; VariantName = "[No Variations]"
Add component (AddParameter): Name = "RoHS"; Value = "Y"; VariantName = "[No Variations]"
Add component (AddParameter): Name = "Rule"; Value = ""; VariantName = "[No Variations]"
Add component (AddParameter): Name = "SheetNumber"; Value = "1"; VariantName = "[No Variations]"
Add component (AddParameter): Name = "SheetTotal"; Value = "1"; VariantName = "[No Variations]"
Add component (AddParameter): Name = "SymbolCreator"; Value = "a0411947"; VariantName = "[No Variations]"
Add component (AddParameter): Name = "SymbolVersion"; Value = "2013-09-26"; VariantName = "[No Variations]"
Add component (AddParameter): Name = "Time"; Value = "Not shown in title block"; VariantName = "[No Variations]"
Add component (AddParameter): Name = "Type"; Value = "DEV"; VariantName = "[No Variations]"
Add component (AddParameter): Name = "U/M"; Value = "EA"; VariantName = "[No Variations]"
Added Pin To Net: NetName=GND Pin=U1-1
Added Pin To Net: NetName=NetCbst_2 Pin=U1-2
Added Pin To Net: NetName=+12 Pin=U1-3
Added Pin To Net: NetName=NetRfbb_2 Pin=U1-4
Added Pin To Net: NetName=+12 Pin=U1-5
Added Pin To Net: NetName=NetCbst_1 Pin=U1-6
Added Member To Class: ClassName=Regulator Member=Component U1 TPS562200DDCR
